This file contains any messages produced by compilers while
running configure, to aid debugging if configure makes a mistake.

It was created by configure, which was
generated by GNU Autoconf 2.69.  Invocation command line was

  $ ./configure 

## --------- ##
## Platform. ##
## --------- ##

hostname = w-nat1.ops.zwyc.qihoo.net
uname -m = x86_64
uname -r = 3.10.0-327.36.3.el7.x86_64
uname -s = Linux
uname -v = #1 SMP Mon Oct 24 16:09:20 UTC 2016

/usr/bin/uname -p = x86_64
/bin/uname -X     = unknown

/bin/arch              = x86_64
/usr/bin/arch -k       = unknown
/usr/convex/getsysinfo = unknown
/usr/bin/hostinfo      = unknown
/bin/machine           = unknown
/usr/bin/oslevel       = unknown
/bin/universe          = unknown

PATH: /sbin
PATH: /bin
PATH: /usr/sbin
PATH: /usr/bin
PATH: /home/dongyongbin/dpvs/bin
PATH: /home/dongyongbin/dpvs/bin


## ----------- ##
## Core tests. ##
## ----------- ##

configure:2275: checking for gcc
configure:2291: found /bin/gcc
configure:2302: result: gcc
configure:2531: checking for C compiler version
configure:2540: gcc --version >&5
gcc (GCC) 4.8.5 20150623 (Red Hat 4.8.5-4)
Copyright (C) 2015 Free Software Foundation, Inc.
This is free software; see the source for copying conditions.  There is NO
warranty; not even for MERCHANTABILITY or FITNESS FOR A PARTICULAR PURPOSE.

configure:2551: $? = 0
configure:2540: gcc -v >&5
Using built-in specs.
COLLECT_GCC=gcc
COLLECT_LTO_WRAPPER=/usr/libexec/gcc/x86_64-redhat-linux/4.8.5/lto-wrapper
Target: x86_64-redhat-linux
Configured with: ../configure --prefix=/usr --mandir=/usr/share/man --infodir=/usr/share/info --with-bugurl=http://bugzilla.redhat.com/bugzilla --enable-bootstrap --enable-shared --enable-threads=posix --enable-checking=release --with-system-zlib --enable-__cxa_atexit --disable-libunwind-exceptions --enable-gnu-unique-object --enable-linker-build-id --with-linker-hash-style=gnu --enable-languages=c,c++,objc,obj-c++,java,fortran,ada,go,lto --enable-plugin --enable-initfini-array --disable-libgcj --with-isl=/builddir/build/BUILD/gcc-4.8.5-20150702/obj-x86_64-redhat-linux/isl-install --with-cloog=/builddir/build/BUILD/gcc-4.8.5-20150702/obj-x86_64-redhat-linux/cloog-install --enable-gnu-indirect-function --with-tune=generic --with-arch_32=x86-64 --build=x86_64-redhat-linux
Thread model: posix
gcc version 4.8.5 20150623 (Red Hat 4.8.5-4) (GCC) 
configure:2551: $? = 0
configure:2540: gcc -V >&5
gcc: error: unrecognized command line option '-V'
gcc: fatal error: no input files
compilation terminated.
configure:2551: $? = 4
configure:2540: gcc -qversion >&5
gcc: error: unrecognized command line option '-qversion'
gcc: fatal error: no input files
compilation terminated.
configure:2551: $? = 4
configure:2571: checking whether the C compiler works
configure:2593: gcc    conftest.c  >&5
configure:2597: $? = 0
configure:2645: result: yes
configure:2648: checking for C compiler default output file name
configure:2650: result: a.out
configure:2656: checking for suffix of executables
configure:2663: gcc -o conftest    conftest.c  >&5
configure:2667: $? = 0
configure:2689: result: 
configure:2711: checking whether we are cross compiling
configure:2719: gcc -o conftest    conftest.c  >&5
configure:2723: $? = 0
configure:2730: ./conftest
configure:2734: $? = 0
configure:2749: result: no
configure:2754: checking for suffix of object files
configure:2776: gcc -c   conftest.c >&5
configure:2780: $? = 0
configure:2801: result: o
configure:2805: checking whether we are using the GNU C compiler
configure:2824: gcc -c   conftest.c >&5
configure:2824: $? = 0
configure:2833: result: yes
configure:2842: checking whether gcc accepts -g
configure:2862: gcc -c -g  conftest.c >&5
configure:2862: $? = 0
configure:2903: result: yes
configure:2920: checking for gcc option to accept ISO C89
configure:2983: gcc  -c -g -O2  conftest.c >&5
configure:2983: $? = 0
configure:2996: result: none needed
configure:3059: checking for a BSD-compatible install
configure:3127: result: /bin/install -c
configure:3181: checking for strip
configure:3197: found /bin/strip
configure:3208: result: strip
configure:3294: checking how to run the C preprocessor
configure:3325: gcc -E  conftest.c
configure:3325: $? = 0
configure:3339: gcc -E  conftest.c
conftest.c:9:28: fatal error: ac_nonexistent.h: No such file or directory
 #include <ac_nonexistent.h>
                            ^
compilation terminated.
configure:3339: $? = 1
configure: failed program was:
| /* confdefs.h */
| #define PACKAGE_NAME ""
| #define PACKAGE_TARNAME ""
| #define PACKAGE_VERSION ""
| #define PACKAGE_STRING ""
| #define PACKAGE_BUGREPORT ""
| #define PACKAGE_URL ""
| /* end confdefs.h.  */
| #include <ac_nonexistent.h>
configure:3364: result: gcc -E
configure:3384: gcc -E  conftest.c
configure:3384: $? = 0
configure:3398: gcc -E  conftest.c
conftest.c:9:28: fatal error: ac_nonexistent.h: No such file or directory
 #include <ac_nonexistent.h>
                            ^
compilation terminated.
configure:3398: $? = 1
configure: failed program was:
| /* confdefs.h */
| #define PACKAGE_NAME ""
| #define PACKAGE_TARNAME ""
| #define PACKAGE_VERSION ""
| #define PACKAGE_STRING ""
| #define PACKAGE_BUGREPORT ""
| #define PACKAGE_URL ""
| /* end confdefs.h.  */
| #include <ac_nonexistent.h>
configure:3427: checking for grep that handles long lines and -e
configure:3485: result: /bin/grep
configure:3490: checking for egrep
configure:3552: result: /bin/grep -E
configure:3557: checking for ANSI C header files
configure:3577: gcc -c -g -O2  conftest.c >&5
configure:3577: $? = 0
configure:3650: gcc -o conftest -g -O2   conftest.c  >&5
configure:3650: $? = 0
configure:3650: ./conftest
configure:3650: $? = 0
configure:3661: result: yes
configure:3669: checking for sys/wait.h that is POSIX.1 compatible
configure:3695: gcc -c -g -O2  conftest.c >&5
configure:3695: $? = 0
configure:3702: result: yes
configure:3715: checking for sys/types.h
configure:3715: gcc -c -g -O2  conftest.c >&5
configure:3715: $? = 0
configure:3715: result: yes
configure:3715: checking for sys/stat.h
configure:3715: gcc -c -g -O2  conftest.c >&5
configure:3715: $? = 0
configure:3715: result: yes
configure:3715: checking for stdlib.h
configure:3715: gcc -c -g -O2  conftest.c >&5
configure:3715: $? = 0
configure:3715: result: yes
configure:3715: checking for string.h
configure:3715: gcc -c -g -O2  conftest.c >&5
configure:3715: $? = 0
configure:3715: result: yes
configure:3715: checking for memory.h
configure:3715: gcc -c -g -O2  conftest.c >&5
configure:3715: $? = 0
configure:3715: result: yes
configure:3715: checking for strings.h
configure:3715: gcc -c -g -O2  conftest.c >&5
configure:3715: $? = 0
configure:3715: result: yes
configure:3715: checking for inttypes.h
configure:3715: gcc -c -g -O2  conftest.c >&5
configure:3715: $? = 0
configure:3715: result: yes
configure:3715: checking for stdint.h
configure:3715: gcc -c -g -O2  conftest.c >&5
configure:3715: $? = 0
configure:3715: result: yes
configure:3715: checking for unistd.h
configure:3715: gcc -c -g -O2  conftest.c >&5
configure:3715: $? = 0
configure:3715: result: yes
configure:3730: checking fcntl.h usability
configure:3730: gcc -c -g -O2  conftest.c >&5
configure:3730: $? = 0
configure:3730: result: yes
configure:3730: checking fcntl.h presence
configure:3730: gcc -E  conftest.c
configure:3730: $? = 0
configure:3730: result: yes
configure:3730: checking for fcntl.h
configure:3730: result: yes
configure:3730: checking syslog.h usability
configure:3730: gcc -c -g -O2  conftest.c >&5
configure:3730: $? = 0
configure:3730: result: yes
configure:3730: checking syslog.h presence
configure:3730: gcc -E  conftest.c
configure:3730: $? = 0
configure:3730: result: yes
configure:3730: checking for syslog.h
configure:3730: result: yes
configure:3730: checking for unistd.h
configure:3730: result: yes
configure:3730: checking sys/ioctl.h usability
configure:3730: gcc -c -g -O2  conftest.c >&5
configure:3730: $? = 0
configure:3730: result: yes
configure:3730: checking sys/ioctl.h presence
configure:3730: gcc -E  conftest.c
configure:3730: $? = 0
configure:3730: result: yes
configure:3730: checking for sys/ioctl.h
configure:3730: result: yes
configure:3730: checking sys/time.h usability
configure:3730: gcc -c -g -O2  conftest.c >&5
configure:3730: $? = 0
configure:3730: result: yes
configure:3730: checking sys/time.h presence
configure:3730: gcc -E  conftest.c
configure:3730: $? = 0
configure:3730: result: yes
configure:3730: checking for sys/time.h
configure:3730: result: yes
configure:3743: checking openssl/ssl.h usability
configure:3743: gcc -c -g -O2  conftest.c >&5
configure:3743: $? = 0
configure:3743: result: yes
configure:3743: checking openssl/ssl.h presence
configure:3743: gcc -E  conftest.c
configure:3743: $? = 0
configure:3743: result: yes
configure:3743: checking for openssl/ssl.h
configure:3743: result: yes
configure:3743: checking openssl/md5.h usability
configure:3743: gcc -c -g -O2  conftest.c >&5
configure:3743: $? = 0
configure:3743: result: yes
configure:3743: checking openssl/md5.h presence
configure:3743: gcc -E  conftest.c
configure:3743: $? = 0
configure:3743: result: yes
configure:3743: checking for openssl/md5.h
configure:3743: result: yes
configure:3743: checking openssl/err.h usability
configure:3743: gcc -c -g -O2  conftest.c >&5
configure:3743: $? = 0
configure:3743: result: yes
configure:3743: checking openssl/err.h presence
configure:3743: gcc -E  conftest.c
configure:3743: $? = 0
configure:3743: result: yes
configure:3743: checking for openssl/err.h
configure:3743: result: yes
configure:3757: checking whether ETHERTYPE_IPV6 is declared
configure:3757: gcc -c -g -O2  conftest.c >&5
configure:3757: $? = 0
configure:3757: result: yes
configure:3766: checking for crypt in -lcrypt
configure:3791: gcc -o conftest -g -O2   conftest.c -lcrypt   >&5
configure:3791: $? = 0
configure:3800: result: yes
configure:3813: checking for MD5_Init in -lcrypto
configure:3838: gcc -o conftest -g -O2   conftest.c -lcrypto  -lcrypt  >&5
configure:3838: $? = 0
configure:3847: result: yes
configure:3860: checking for SSL_CTX_new in -lssl
configure:3885: gcc -o conftest -g -O2   conftest.c -lssl  -lcrypto -lcrypt  >&5
configure:3885: $? = 0
configure:3894: result: yes
configure:3908: checking for nl_socket_alloc in -lnl-3
configure:3933: gcc -o conftest -g -O2   conftest.c -lnl-3  -lssl -lcrypto -lcrypt  >&5
/bin/ld: cannot find -lnl-3
collect2: error: ld returned 1 exit status
configure:3933: $? = 1
configure: failed program was:
| /* confdefs.h */
| #define PACKAGE_NAME ""
| #define PACKAGE_TARNAME ""
| #define PACKAGE_VERSION ""
| #define PACKAGE_STRING ""
| #define PACKAGE_BUGREPORT ""
| #define PACKAGE_URL ""
| #define STDC_HEADERS 1
| #define HAVE_SYS_WAIT_H 1
| #define HAVE_SYS_TYPES_H 1
| #define HAVE_SYS_STAT_H 1
| #define HAVE_STDLIB_H 1
| #define HAVE_STRING_H 1
| #define HAVE_MEMORY_H 1
| #define HAVE_STRINGS_H 1
| #define HAVE_INTTYPES_H 1
| #define HAVE_STDINT_H 1
| #define HAVE_UNISTD_H 1
| #define HAVE_FCNTL_H 1
| #define HAVE_SYSLOG_H 1
| #define HAVE_UNISTD_H 1
| #define HAVE_SYS_IOCTL_H 1
| #define HAVE_SYS_TIME_H 1
| #define HAVE_OPENSSL_SSL_H 1
| #define HAVE_OPENSSL_MD5_H 1
| #define HAVE_OPENSSL_ERR_H 1
| #define HAVE_LIBCRYPT 1
| #define HAVE_LIBCRYPTO 1
| #define HAVE_LIBSSL 1
| /* end confdefs.h.  */
| 
| /* Override any GCC internal prototype to avoid an error.
|    Use char because int might match the return type of a GCC
|    builtin and then its argument prototype would still apply.  */
| #ifdef __cplusplus
| extern "C"
| #endif
| char nl_socket_alloc ();
| int
| main ()
| {
| return nl_socket_alloc ();
|   ;
|   return 0;
| }
configure:3942: result: no
configure:3997: checking for nl_socket_modify_cb in -lnl
configure:4022: gcc -o conftest -g -O2   conftest.c -lnl  -lssl -lcrypto -lcrypt  >&5
/bin/ld: cannot find -lnl
collect2: error: ld returned 1 exit status
configure:4022: $? = 1
configure: failed program was:
| /* confdefs.h */
| #define PACKAGE_NAME ""
| #define PACKAGE_TARNAME ""
| #define PACKAGE_VERSION ""
| #define PACKAGE_STRING ""
| #define PACKAGE_BUGREPORT ""
| #define PACKAGE_URL ""
| #define STDC_HEADERS 1
| #define HAVE_SYS_WAIT_H 1
| #define HAVE_SYS_TYPES_H 1
| #define HAVE_SYS_STAT_H 1
| #define HAVE_STDLIB_H 1
| #define HAVE_STRING_H 1
| #define HAVE_MEMORY_H 1
| #define HAVE_STRINGS_H 1
| #define HAVE_INTTYPES_H 1
| #define HAVE_STDINT_H 1
| #define HAVE_UNISTD_H 1
| #define HAVE_FCNTL_H 1
| #define HAVE_SYSLOG_H 1
| #define HAVE_UNISTD_H 1
| #define HAVE_SYS_IOCTL_H 1
| #define HAVE_SYS_TIME_H 1
| #define HAVE_OPENSSL_SSL_H 1
| #define HAVE_OPENSSL_MD5_H 1
| #define HAVE_OPENSSL_ERR_H 1
| #define HAVE_LIBCRYPT 1
| #define HAVE_LIBCRYPTO 1
| #define HAVE_LIBSSL 1
| /* end confdefs.h.  */
| 
| /* Override any GCC internal prototype to avoid an error.
|    Use char because int might match the return type of a GCC
|    builtin and then its argument prototype would still apply.  */
| #ifdef __cplusplus
| extern "C"
| #endif
| char nl_socket_modify_cb ();
| int
| main ()
| {
| return nl_socket_modify_cb ();
|   ;
|   return 0;
| }
configure:4031: result: no
configure:4042: WARNING: keepalived will be built without libnl support.
configure:4052: checking for kernel version
configure:4085: gcc -o conftest -g -O2  -I/usr/src/linux/include  conftest.c -lssl -lcrypto -lcrypt  >&5
configure:4085: $? = 0
configure:4085: ./conftest
configure:4085: $? = 0
configure:4113: result: 3.10.0
configure:4156: checking for IPVS syncd support
configure:4171: result: yes
configure:4187: checking for kernel macvlan support
configure:4207: gcc -c -g -O2  -I/usr/src/linux/include -I/usr/src/linux/include conftest.c >&5
configure:4207: $? = 0
configure:4216: result: yes
configure:4461: checking whether SO_MARK is declared
configure:4461: gcc -c -g -O2  -I/usr/src/linux/include -I/usr/src/linux/include conftest.c >&5
configure:4461: $? = 0
configure:4461: result: yes
configure:4491: checking for an ANSI C-conforming const
configure:4557: gcc -c -g -O2  -I/usr/src/linux/include -I/usr/src/linux/include conftest.c >&5
configure:4557: $? = 0
configure:4564: result: yes
configure:4572: checking for pid_t
configure:4572: gcc -c -g -O2  -I/usr/src/linux/include -I/usr/src/linux/include conftest.c >&5
configure:4572: $? = 0
configure:4572: gcc -c -g -O2  -I/usr/src/linux/include -I/usr/src/linux/include conftest.c >&5
conftest.c: In function 'main':
conftest.c:67:20: error: expected expression before ')' token
 if (sizeof ((pid_t)))
                    ^
configure:4572: $? = 1
configure: failed program was:
| /* confdefs.h */
| #define PACKAGE_NAME ""
| #define PACKAGE_TARNAME ""
| #define PACKAGE_VERSION ""
| #define PACKAGE_STRING ""
| #define PACKAGE_BUGREPORT ""
| #define PACKAGE_URL ""
| #define STDC_HEADERS 1
| #define HAVE_SYS_WAIT_H 1
| #define HAVE_SYS_TYPES_H 1
| #define HAVE_SYS_STAT_H 1
| #define HAVE_STDLIB_H 1
| #define HAVE_STRING_H 1
| #define HAVE_MEMORY_H 1
| #define HAVE_STRINGS_H 1
| #define HAVE_INTTYPES_H 1
| #define HAVE_STDINT_H 1
| #define HAVE_UNISTD_H 1
| #define HAVE_FCNTL_H 1
| #define HAVE_SYSLOG_H 1
| #define HAVE_UNISTD_H 1
| #define HAVE_SYS_IOCTL_H 1
| #define HAVE_SYS_TIME_H 1
| #define HAVE_OPENSSL_SSL_H 1
| #define HAVE_OPENSSL_MD5_H 1
| #define HAVE_OPENSSL_ERR_H 1
| #define HAVE_LIBCRYPT 1
| #define HAVE_LIBCRYPTO 1
| #define HAVE_LIBSSL 1
| /* end confdefs.h.  */
| #include <stdio.h>
| #ifdef HAVE_SYS_TYPES_H
| # include <sys/types.h>
| #endif
| #ifdef HAVE_SYS_STAT_H
| # include <sys/stat.h>
| #endif
| #ifdef STDC_HEADERS
| # include <stdlib.h>
| # include <stddef.h>
| #else
| # ifdef HAVE_STDLIB_H
| #  include <stdlib.h>
| # endif
| #endif
| #ifdef HAVE_STRING_H
| # if !defined STDC_HEADERS && defined HAVE_MEMORY_H
| #  include <memory.h>
| # endif
| # include <string.h>
| #endif
| #ifdef HAVE_STRINGS_H
| # include <strings.h>
| #endif
| #ifdef HAVE_INTTYPES_H
| # include <inttypes.h>
| #endif
| #ifdef HAVE_STDINT_H
| # include <stdint.h>
| #endif
| #ifdef HAVE_UNISTD_H
| # include <unistd.h>
| #endif
| int
| main ()
| {
| if (sizeof ((pid_t)))
| 	    return 0;
|   ;
|   return 0;
| }
configure:4572: result: yes
configure:4583: checking whether time.h and sys/time.h may both be included
configure:4603: gcc -c -g -O2  -I/usr/src/linux/include -I/usr/src/linux/include conftest.c >&5
configure:4603: $? = 0
configure:4610: result: yes
configure:4620: checking whether gcc needs -traditional
configure:4654: result: no
configure:4661: checking for working memcmp
configure:4704: gcc -o conftest -g -O2  -I/usr/src/linux/include -I/usr/src/linux/include  conftest.c -lssl -lcrypto -lcrypt  >&5
configure:4704: $? = 0
configure:4704: ./conftest
configure:4704: $? = 0
configure:4714: result: yes
configure:4723: checking return type of signal handlers
configure:4741: gcc -c -g -O2  -I/usr/src/linux/include -I/usr/src/linux/include conftest.c >&5
conftest.c: In function 'main':
conftest.c:38:1: error: void value not ignored as it ought to be
 return *(signal (0, 0)) (0) == 1;
 ^
configure:4741: $? = 1
configure: failed program was:
| /* confdefs.h */
| #define PACKAGE_NAME ""
| #define PACKAGE_TARNAME ""
| #define PACKAGE_VERSION ""
| #define PACKAGE_STRING ""
| #define PACKAGE_BUGREPORT ""
| #define PACKAGE_URL ""
| #define STDC_HEADERS 1
| #define HAVE_SYS_WAIT_H 1
| #define HAVE_SYS_TYPES_H 1
| #define HAVE_SYS_STAT_H 1
| #define HAVE_STDLIB_H 1
| #define HAVE_STRING_H 1
| #define HAVE_MEMORY_H 1
| #define HAVE_STRINGS_H 1
| #define HAVE_INTTYPES_H 1
| #define HAVE_STDINT_H 1
| #define HAVE_UNISTD_H 1
| #define HAVE_FCNTL_H 1
| #define HAVE_SYSLOG_H 1
| #define HAVE_UNISTD_H 1
| #define HAVE_SYS_IOCTL_H 1
| #define HAVE_SYS_TIME_H 1
| #define HAVE_OPENSSL_SSL_H 1
| #define HAVE_OPENSSL_MD5_H 1
| #define HAVE_OPENSSL_ERR_H 1
| #define HAVE_LIBCRYPT 1
| #define HAVE_LIBCRYPTO 1
| #define HAVE_LIBSSL 1
| #define TIME_WITH_SYS_TIME 1
| /* end confdefs.h.  */
| #include <sys/types.h>
| #include <signal.h>
| 
| int
| main ()
| {
| return *(signal (0, 0)) (0) == 1;
|   ;
|   return 0;
| }
configure:4748: result: void
configure:4759: checking for gettimeofday
configure:4759: gcc -o conftest -g -O2  -I/usr/src/linux/include -I/usr/src/linux/include  conftest.c -lssl -lcrypto -lcrypt  >&5
configure:4759: $? = 0
configure:4759: result: yes
configure:4759: checking for select
configure:4759: gcc -o conftest -g -O2  -I/usr/src/linux/include -I/usr/src/linux/include  conftest.c -lssl -lcrypto -lcrypt  >&5
configure:4759: $? = 0
configure:4759: result: yes
configure:4759: checking for socket
configure:4759: gcc -o conftest -g -O2  -I/usr/src/linux/include -I/usr/src/linux/include  conftest.c -lssl -lcrypto -lcrypt  >&5
configure:4759: $? = 0
configure:4759: result: yes
configure:4759: checking for strerror
configure:4759: gcc -o conftest -g -O2  -I/usr/src/linux/include -I/usr/src/linux/include  conftest.c -lssl -lcrypto -lcrypt  >&5
configure:4759: $? = 0
configure:4759: result: yes
configure:4759: checking for strtol
configure:4759: gcc -o conftest -g -O2  -I/usr/src/linux/include -I/usr/src/linux/include  conftest.c -lssl -lcrypto -lcrypt  >&5
configure:4759: $? = 0
configure:4759: result: yes
configure:4759: checking for uname
configure:4759: gcc -o conftest -g -O2  -I/usr/src/linux/include -I/usr/src/linux/include  conftest.c -lssl -lcrypto -lcrypt  >&5
configure:4759: $? = 0
configure:4759: result: yes
configure:4933: creating ./config.status

## ---------------------- ##
## Running config.status. ##
## ---------------------- ##

This file was extended by config.status, which was
generated by GNU Autoconf 2.69.  Invocation command line was

  CONFIG_FILES    = 
  CONFIG_HEADERS  = 
  CONFIG_LINKS    = 
  CONFIG_COMMANDS = 
  $ ./config.status 

on w-nat1.ops.zwyc.qihoo.net

config.status:743: creating Makefile
config.status:743: creating genhash/Makefile
config.status:743: creating keepalived/core/Makefile
config.status:743: creating lib/config.h
config.status:743: creating keepalived.spec
config.status:743: creating keepalived/Makefile
config.status:743: creating lib/Makefile
config.status:743: creating keepalived/vrrp/Makefile
config.status:743: creating keepalived/check/Makefile
config.status:743: creating keepalived/libipvs-2.6/Makefile

## ---------------- ##
## Cache variables. ##
## ---------------- ##

ac_cv_c_compiler_gnu=yes
ac_cv_c_const=yes
ac_cv_env_CC_set=
ac_cv_env_CC_value=
ac_cv_env_CFLAGS_set=
ac_cv_env_CFLAGS_value=
ac_cv_env_CPPFLAGS_set=
ac_cv_env_CPPFLAGS_value=
ac_cv_env_CPP_set=
ac_cv_env_CPP_value=
ac_cv_env_LDFLAGS_set=
ac_cv_env_LDFLAGS_value=
ac_cv_env_LIBS_set=
ac_cv_env_LIBS_value=
ac_cv_env_build_alias_set=
ac_cv_env_build_alias_value=
ac_cv_env_host_alias_set=
ac_cv_env_host_alias_value=
ac_cv_env_target_alias_set=
ac_cv_env_target_alias_value=
ac_cv_func_gettimeofday=yes
ac_cv_func_memcmp_working=yes
ac_cv_func_select=yes
ac_cv_func_socket=yes
ac_cv_func_strerror=yes
ac_cv_func_strtol=yes
ac_cv_func_uname=yes
ac_cv_have_decl_ETHERTYPE_IPV6=yes
ac_cv_have_decl_SO_MARK=yes
ac_cv_header_fcntl_h=yes
ac_cv_header_inttypes_h=yes
ac_cv_header_memory_h=yes
ac_cv_header_openssl_err_h=yes
ac_cv_header_openssl_md5_h=yes
ac_cv_header_openssl_ssl_h=yes
ac_cv_header_stdc=yes
ac_cv_header_stdint_h=yes
ac_cv_header_stdlib_h=yes
ac_cv_header_string_h=yes
ac_cv_header_strings_h=yes
ac_cv_header_sys_ioctl_h=yes
ac_cv_header_sys_stat_h=yes
ac_cv_header_sys_time_h=yes
ac_cv_header_sys_types_h=yes
ac_cv_header_sys_wait_h=yes
ac_cv_header_syslog_h=yes
ac_cv_header_time=yes
ac_cv_header_unistd_h=yes
ac_cv_lib_crypt_crypt=yes
ac_cv_lib_crypto_MD5_Init=yes
ac_cv_lib_nl_3_nl_socket_alloc=no
ac_cv_lib_nl_nl_socket_modify_cb=no
ac_cv_lib_ssl_SSL_CTX_new=yes
ac_cv_objext=o
ac_cv_path_EGREP='/bin/grep -E'
ac_cv_path_GREP=/bin/grep
ac_cv_path_install='/bin/install -c'
ac_cv_prog_CPP='gcc -E'
ac_cv_prog_ac_ct_CC=gcc
ac_cv_prog_ac_ct_STRIP=strip
ac_cv_prog_cc_c89=
ac_cv_prog_cc_g=yes
ac_cv_prog_gcc_traditional=no
ac_cv_type_pid_t=yes
ac_cv_type_signal=void

## ----------------- ##
## Output variables. ##
## ----------------- ##

CC='gcc'
CFLAGS='-g -O2'
CPP='gcc -E'
CPPFLAGS=' -I/usr/src/linux/include -I/usr/src/linux/include'
DEFS='-DPACKAGE_NAME=\"\" -DPACKAGE_TARNAME=\"\" -DPACKAGE_VERSION=\"\" -DPACKAGE_STRING=\"\" -DPACKAGE_BUGREPORT=\"\" -DPACKAGE_URL=\"\" -DSTDC_HEADERS=1 -DHAVE_SYS_WAIT_H=1 -DHAVE_SYS_TYPES_H=1 -DHAVE_SYS_STAT_H=1 -DHAVE_STDLIB_H=1 -DHAVE_STRING_H=1 -DHAVE_MEMORY_H=1 -DHAVE_STRINGS_H=1 -DHAVE_INTTYPES_H=1 -DHAVE_STDINT_H=1 -DHAVE_UNISTD_H=1 -DHAVE_FCNTL_H=1 -DHAVE_SYSLOG_H=1 -DHAVE_UNISTD_H=1 -DHAVE_SYS_IOCTL_H=1 -DHAVE_SYS_TIME_H=1 -DHAVE_OPENSSL_SSL_H=1 -DHAVE_OPENSSL_MD5_H=1 -DHAVE_OPENSSL_ERR_H=1 -DHAVE_LIBCRYPT=1 -DHAVE_LIBCRYPTO=1 -DHAVE_LIBSSL=1 -DTIME_WITH_SYS_TIME=1 -DRETSIGTYPE=void -DHAVE_GETTIMEOFDAY=1 -DHAVE_SELECT=1 -DHAVE_SOCKET=1 -DHAVE_STRERROR=1 -DHAVE_STRTOL=1 -DHAVE_UNAME=1'
DFLAGS=''
ECHO_C=''
ECHO_N='-n'
ECHO_T=''
EGREP='/bin/grep -E'
EXEEXT=''
GREP='/bin/grep'
INSTALL_DATA='${INSTALL} -m 644'
INSTALL_PROGRAM='${INSTALL}'
INSTALL_SCRIPT='${INSTALL}'
IPVS_SUPPORT='_WITH_LVS_'
IPVS_SYNCD='_HAVE_IPVS_SYNCD_'
KERN='_KRNL_2_6_'
LDFLAGS=''
LIBOBJS=''
LIBS='-lssl -lcrypto -lcrypt '
LTLIBOBJS=''
NETSNMP_CONFIG=''
OBJEXT='o'
PACKAGE_BUGREPORT=''
PACKAGE_NAME=''
PACKAGE_STRING=''
PACKAGE_TARNAME=''
PACKAGE_URL=''
PACKAGE_VERSION=''
PATH_SEPARATOR=':'
SHA1_SUPPORT='_WITHOUT_SHA1_'
SHELL='/bin/sh'
SNMP_SUPPORT='_WITHOUT_SNMP_'
SO_MARK_SUPPORT='_WITH_SO_MARK_'
STRIP='strip'
USE_NL='LIBIPVS_DONTUSE_NL'
VERSION='1.2.13'
VERSION_DATE='03/01,2018'
VRRP_SUPPORT='_WITH_VRRP_'
VRRP_VMAC='_HAVE_VRRP_VMAC_'
ac_ct_CC='gcc'
bindir='${exec_prefix}/bin'
build_alias=''
datadir='${datarootdir}'
datarootdir='${prefix}/share'
docdir='${datarootdir}/doc/${PACKAGE}'
dvidir='${docdir}'
exec_prefix='${prefix}'
host_alias=''
htmldir='${docdir}'
includedir='${prefix}/include'
infodir='${datarootdir}/info'
libdir='${exec_prefix}/lib'
libexecdir='${exec_prefix}/libexec'
localedir='${datarootdir}/locale'
localstatedir='${prefix}/var'
mandir='${datarootdir}/man'
oldincludedir='/usr/include'
pdfdir='${docdir}'
prefix='/usr/local'
program_transform_name='s,x,x,'
psdir='${docdir}'
sbindir='${exec_prefix}/sbin'
sharedstatedir='${prefix}/com'
sysconfdir='${prefix}/etc'
target_alias=''

## ----------- ##
## confdefs.h. ##
## ----------- ##

/* confdefs.h */
#define PACKAGE_NAME ""
#define PACKAGE_TARNAME ""
#define PACKAGE_VERSION ""
#define PACKAGE_STRING ""
#define PACKAGE_BUGREPORT ""
#define PACKAGE_URL ""
#define STDC_HEADERS 1
#define HAVE_SYS_WAIT_H 1
#define HAVE_SYS_TYPES_H 1
#define HAVE_SYS_STAT_H 1
#define HAVE_STDLIB_H 1
#define HAVE_STRING_H 1
#define HAVE_MEMORY_H 1
#define HAVE_STRINGS_H 1
#define HAVE_INTTYPES_H 1
#define HAVE_STDINT_H 1
#define HAVE_UNISTD_H 1
#define HAVE_FCNTL_H 1
#define HAVE_SYSLOG_H 1
#define HAVE_UNISTD_H 1
#define HAVE_SYS_IOCTL_H 1
#define HAVE_SYS_TIME_H 1
#define HAVE_OPENSSL_SSL_H 1
#define HAVE_OPENSSL_MD5_H 1
#define HAVE_OPENSSL_ERR_H 1
#define HAVE_LIBCRYPT 1
#define HAVE_LIBCRYPTO 1
#define HAVE_LIBSSL 1
#define TIME_WITH_SYS_TIME 1
#define RETSIGTYPE void
#define HAVE_GETTIMEOFDAY 1
#define HAVE_SELECT 1
#define HAVE_SOCKET 1
#define HAVE_STRERROR 1
#define HAVE_STRTOL 1
#define HAVE_UNAME 1

configure: exit 0
